0.32 18692.00
0.45 16707.00
0.62 15574.00
0.74 14348.00
0.85 13978.00
0.93 13774.00
1.03 13378.00
1.14 12827.00
1.23 11966.00
1.32 11451.00
1.39 11451.00
1.48 11327.00
1.56 11317.00
1.63 11203.00
1.71 11203.00
1.79 11203.00
1.89 11203.00
2.00 11203.00
2.10 11115.00
2.20 10808.00
2.29 10808.00
2.38 10808.00
2.46 10808.00
2.54 10808.00
2.62 10808.00
2.72 10808.00
2.81 10808.00
2.93 10808.00
3.01 10808.00
3.10 10632.00
3.18 10632.00
3.26 10632.00
3.34 10632.00
3.43 10632.00
3.53 10625.00
3.61 10625.00
3.72 10625.00
3.80 10625.00
3.88 10625.00
3.98 10368.00
4.06 10368.00
4.14 10368.00
4.22 10368.00
4.30 10368.00
4.38 10368.00
4.46 10179.00
4.54 10179.00
4.62 9877.00
4.70 9877.00
4.77 9877.00
4.85 9877.00
4.93 9877.00
5.00 9877.00
5.08 9877.00
5.18 9877.00
5.27 9877.00
5.34 9744.00
5.42 9735.00
5.50 9648.00
5.58 9443.00
5.66 9429.00
5.73 9231.00
5.80 9231.00
5.89 9231.00
5.96 9231.00
6.04 9231.00
6.11 9177.00
6.18 9177.00
6.26 9177.00
6.34 8971.00
6.41 8827.00
6.49 8827.00
6.56 8779.00
6.64 8779.00
6.72 8753.00
6.79 8753.00
6.87 8684.00
6.95 8670.00
7.03 8670.00
7.11 8610.00
7.18 8610.00
7.26 8610.00
7.33 8610.00
7.41 8610.00
7.49 8610.00
7.56 8610.00
7.63 8610.00
7.71 8577.00
7.78 8456.00
7.85 8406.00
7.92 8404.00
8.00 8399.00
8.07 8288.00
8.14 8243.00
8.22 8243.00
8.29 8243.00
8.36 8221.00
8.44 8221.00
8.52 8221.00
8.59 8221.00
8.66 8187.00
8.74 8174.00
8.81 8174.00
8.88 8174.00
8.95 8174.00
9.02 8125.00
9.09 8104.00
9.16 8104.00
9.24 8067.00
9.31 8067.00
9.38 8067.00
9.45 8067.00
9.52 8067.00
9.60 8067.00
9.67 8067.00
9.74 8055.00
9.82 8055.00
9.89 8055.00
9.96 8055.00
10.03 8055.00
10.10 8055.00
10.17 8055.00
10.24 8055.00
10.31 8055.00
10.38 8055.00
10.46 8055.00
10.54 8055.00
10.61 8055.00
10.68 8055.00
10.75 8055.00
10.82 8055.00
10.91 7988.00
10.98 7988.00
11.05 7988.00
11.12 7988.00
11.19 7988.00
11.26 7988.00
11.33 7988.00
11.41 7988.00
11.48 7988.00
11.55 7988.00
11.62 7988.00
11.69 7988.00
11.76 7988.00
11.83 7988.00
11.90 7988.00
11.97 7988.00
12.04 7988.00
12.11 7988.00
12.18 7988.00
12.26 7988.00
12.33 7988.00
12.40 7988.00
12.47 7988.00
12.54 7988.00
12.61 7981.00
12.68 7981.00
12.76 7981.00
12.83 7981.00
12.89 7981.00
12.97 7981.00
13.04 7981.00
13.11 7981.00
13.18 7981.00
13.25 7981.00
13.32 7981.00
13.39 7981.00
13.47 7981.00
13.54 7981.00
13.60 7981.00
13.67 7981.00
13.74 7981.00
13.81 7981.00
13.88 7981.00
13.95 7981.00
14.02 7981.00
14.09 7981.00
14.16 7981.00
14.23 7981.00
14.29 7981.00
14.36 7981.00
14.42 7981.00
14.49 7981.00
14.56 7981.00
14.62 7981.00
14.68 7981.00
14.76 7981.00
14.83 7981.00
14.89 7981.00
14.96 7981.00
15.02 7981.00
15.09 7981.00
15.16 7981.00
15.24 7981.00
15.31 7981.00
15.37 7981.00
15.44 7981.00
15.51 7981.00
15.57 7981.00
15.64 7981.00
15.71 7981.00
15.77 7981.00
15.84 7981.00
15.91 7981.00
15.97 7981.00
16.04 7981.00
16.10 7981.00
16.17 7981.00
16.24 7981.00
16.30 7981.00
16.37 7981.00
16.44 7981.00
16.50 7981.00
16.57 7981.00
16.63 7981.00
16.71 7981.00
16.79 7981.00
16.86 7981.00
16.92 7981.00
16.99 7981.00
17.06 7981.00
17.13 7981.00
17.19 7981.00
17.26 7981.00
17.33 7981.00
17.40 7981.00
17.47 7981.00
17.54 7981.00
17.60 7981.00
17.67 7981.00
17.73 7981.00
17.80 7981.00
17.86 7981.00
17.93 7981.00
17.99 7981.00
18.06 7981.00
18.12 7981.00
18.18 7981.00
18.25 7981.00
18.32 7981.00
18.39 7981.00
18.45 7981.00
18.51 7981.00
18.58 7981.00
18.65 7981.00
18.72 7981.00
18.78 7981.00
18.85 7981.00
18.92 7981.00
18.98 7981.00
